000 (4044081.000.000) 2026-03-18 12:46:22 Job submitted from host: <146.179.108.134:9618?addrs=146.179.108.134-9618+[2a0c-5bc0-88-111-216-3eff-fe7f-207]-9618&alias=htcmaster00.hep.ph.ic.ac.uk&noUDP&sock=schedd_1004_3d2c>
...
040 (4044081.000.000) 2026-03-18 12:46:32 Started transferring input files
	Transferring to host: <146.179.108.123:9618?addrs=146.179.108.123-9618+[2a0c-5bc0-88-111-216-3eff-fe7f-1db]-9618&alias=lxcgpu02.hep.ph.ic.ac.uk&noUDP&sock=slot1_1_1305931_478a_5768>
...
040 (4044081.000.000) 2026-03-18 12:46:32 Finished transferring input files
...
001 (4044081.000.000) 2026-03-18 12:46:33 Job executing on host: <146.179.108.123:9618?addrs=146.179.108.123-9618+[2a0c-5bc0-88-111-216-3eff-fe7f-1db]-9618&alias=lxcgpu02.hep.ph.ic.ac.uk&noUDP&sock=startd_5914_172f>
	SlotName: slot1_1@lxcgpu02.hep.ph.ic.ac.uk
	AvailableGPUs = { GPUs_GPU_26b53f56 }
	CondorScratchDir = "/srv/localstage/condor/dir_2104442"
	Cpus = 40
	Disk = 735125138
	GPUs = 1
	GPUs_GPU_26b53f56 = [ Id = "GPU-26b53f56"; ClockMhz = 1380.0; Capability = 7.0; CoresPerCU = 64; DeviceName = "Tesla V100-PCIE-32GB"; DeviceUuid = "26b53f56-e762-284c-9af0-969372e446e1"; ECCEnabled = true; ComputeUnits = 80; NvidiaDriver = "580.126.20"; DriverVersion = 13.0; DevicePciBusId = "0000:00:03.0"; GlobalMemoryMb = 32494; MaxSupportedVersion = 13000 ]
	Memory = 87707
...
006 (4044081.000.000) 2026-03-18 12:46:42 Image size of job updated: 13228
	13  -  MemoryUsage of job (MB)
	13228  -  ResidentSetSize of job (KB)
...
006 (4044081.000.000) 2026-03-18 12:48:42 Image size of job updated: 3232812
	3158  -  MemoryUsage of job (MB)
	3232812  -  ResidentSetSize of job (KB)
...
006 (4044081.000.000) 2026-03-18 12:50:43 Image size of job updated: 3769640
	3682  -  MemoryUsage of job (MB)
	3769640  -  ResidentSetSize of job (KB)
...
006 (4044081.000.000) 2026-03-18 12:52:44 Image size of job updated: 4390028
	4288  -  MemoryUsage of job (MB)
	4390028  -  ResidentSetSize of job (KB)
...
006 (4044081.000.000) 2026-03-18 12:54:44 Image size of job updated: 4635020
	4527  -  MemoryUsage of job (MB)
	4635020  -  ResidentSetSize of job (KB)
...
006 (4044081.000.000) 2026-03-18 12:56:45 Image size of job updated: 4955748
	4840  -  MemoryUsage of job (MB)
	4955748  -  ResidentSetSize of job (KB)
...
006 (4044081.000.000) 2026-03-18 12:58:46 Image size of job updated: 5181104
	5060  -  MemoryUsage of job (MB)
	5181104  -  ResidentSetSize of job (KB)
...
006 (4044081.000.000) 2026-03-18 13:00:47 Image size of job updated: 5481104
	5353  -  MemoryUsage of job (MB)
	5481104  -  ResidentSetSize of job (KB)
...
006 (4044081.000.000) 2026-03-18 13:02:48 Image size of job updated: 5489296
	5361  -  MemoryUsage of job (MB)
	5489296  -  ResidentSetSize of job (KB)
...
006 (4044081.000.000) 2026-03-18 13:08:48 Image size of job updated: 5529544
	5400  -  MemoryUsage of job (MB)
	5529544  -  ResidentSetSize of job (KB)
...
006 (4044081.000.000) 2026-03-18 13:10:48 Image size of job updated: 5671996
	5540  -  MemoryUsage of job (MB)
	5671996  -  ResidentSetSize of job (KB)
...
006 (4044081.000.000) 2026-03-18 13:12:48 Image size of job updated: 5770356
	5636  -  MemoryUsage of job (MB)
	5770356  -  ResidentSetSize of job (KB)
...
006 (4044081.000.000) 2026-03-18 13:14:49 Image size of job updated: 5909524
	5772  -  MemoryUsage of job (MB)
	5909524  -  ResidentSetSize of job (KB)
...
006 (4044081.000.000) 2026-03-18 13:16:50 Image size of job updated: 5963440
	5824  -  MemoryUsage of job (MB)
	5963440  -  ResidentSetSize of job (KB)
...
006 (4044081.000.000) 2026-03-18 13:18:50 Image size of job updated: 6074432
	5933  -  MemoryUsage of job (MB)
	6074432  -  ResidentSetSize of job (KB)
...
006 (4044081.000.000) 2026-03-18 13:20:50 Image size of job updated: 6083148
	5941  -  MemoryUsage of job (MB)
	6083148  -  ResidentSetSize of job (KB)
...
006 (4044081.000.000) 2026-03-18 13:22:50 Image size of job updated: 6243696
	6098  -  MemoryUsage of job (MB)
	6243696  -  ResidentSetSize of job (KB)
...
006 (4044081.000.000) 2026-03-18 13:24:51 Image size of job updated: 6251412
	6105  -  MemoryUsage of job (MB)
	6251412  -  ResidentSetSize of job (KB)
...
006 (4044081.000.000) 2026-03-18 13:26:51 Image size of job updated: 6309948
	6163  -  MemoryUsage of job (MB)
	6309948  -  ResidentSetSize of job (KB)
...
006 (4044081.000.000) 2026-03-18 13:28:51 Image size of job updated: 6318140
	6171  -  MemoryUsage of job (MB)
	6318140  -  ResidentSetSize of job (KB)
...
006 (4044081.000.000) 2026-03-18 13:30:52 Image size of job updated: 6322244
	6174  -  MemoryUsage of job (MB)
	6322132  -  ResidentSetSize of job (KB)
...
006 (4044081.000.000) 2026-03-18 13:32:53 Image size of job updated: 6378640
	6230  -  MemoryUsage of job (MB)
	6378640  -  ResidentSetSize of job (KB)
...
006 (4044081.000.000) 2026-03-18 13:34:53 Image size of job updated: 6387824
	6230  -  MemoryUsage of job (MB)
	6378640  -  ResidentSetSize of job (KB)
...
006 (4044081.000.000) 2026-03-18 13:42:56 Image size of job updated: 6571712
	6251  -  MemoryUsage of job (MB)
	6400732  -  ResidentSetSize of job (KB)
...
006 (4044081.000.000) 2026-03-18 13:44:57 Image size of job updated: 6571712
	6289  -  MemoryUsage of job (MB)
	6439336  -  ResidentSetSize of job (KB)
...
006 (4044081.000.000) 2026-03-18 13:48:58 Image size of job updated: 6571712
	6341  -  MemoryUsage of job (MB)
	6492860  -  ResidentSetSize of job (KB)
...
006 (4044081.000.000) 2026-03-18 13:50:59 Image size of job updated: 6571712
	6343  -  MemoryUsage of job (MB)
	6494864  -  ResidentSetSize of job (KB)
...
006 (4044081.000.000) 2026-03-18 13:52:59 Image size of job updated: 6571712
	6355  -  MemoryUsage of job (MB)
	6506956  -  ResidentSetSize of job (KB)
...
006 (4044081.000.000) 2026-03-18 13:57:00 Image size of job updated: 6783024
	6391  -  MemoryUsage of job (MB)
	6543744  -  ResidentSetSize of job (KB)
...
006 (4044081.000.000) 2026-03-18 13:59:01 Image size of job updated: 6783024
	6398  -  MemoryUsage of job (MB)
	6551212  -  ResidentSetSize of job (KB)
...
006 (4044081.000.000) 2026-03-18 14:01:02 Image size of job updated: 6783024
	6399  -  MemoryUsage of job (MB)
	6551656  -  ResidentSetSize of job (KB)
...
006 (4044081.000.000) 2026-03-18 14:03:02 Image size of job updated: 6783024
	6400  -  MemoryUsage of job (MB)
	6553532  -  ResidentSetSize of job (KB)
...
006 (4044081.000.000) 2026-03-18 14:07:03 Image size of job updated: 6783024
	6452  -  MemoryUsage of job (MB)
	6606760  -  ResidentSetSize of job (KB)
...
006 (4044081.000.000) 2026-03-18 14:19:07 Image size of job updated: 6783024
	6459  -  MemoryUsage of job (MB)
	6613948  -  ResidentSetSize of job (KB)
...
006 (4044081.000.000) 2026-03-18 14:21:08 Image size of job updated: 6783024
	6460  -  MemoryUsage of job (MB)
	6614220  -  ResidentSetSize of job (KB)
...
006 (4044081.000.000) 2026-03-18 14:23:09 Image size of job updated: 6825752
	6463  -  MemoryUsage of job (MB)
	6617188  -  ResidentSetSize of job (KB)
...
006 (4044081.000.000) 2026-03-18 14:25:10 Image size of job updated: 6825752
	6463  -  MemoryUsage of job (MB)
	6617196  -  ResidentSetSize of job (KB)
...
006 (4044081.000.000) 2026-03-18 14:27:10 Image size of job updated: 6825752
	6466  -  MemoryUsage of job (MB)
	6620368  -  ResidentSetSize of job (KB)
...
006 (4044081.000.000) 2026-03-18 14:29:11 Image size of job updated: 6825752
	6467  -  MemoryUsage of job (MB)
	6621520  -  ResidentSetSize of job (KB)
...
006 (4044081.000.000) 2026-03-18 14:31:12 Image size of job updated: 6825752
	6469  -  MemoryUsage of job (MB)
	6624144  -  ResidentSetSize of job (KB)
...
006 (4044081.000.000) 2026-03-18 14:34:11 Image size of job updated: 6825752
	6472  -  MemoryUsage of job (MB)
	6627048  -  ResidentSetSize of job (KB)
...
006 (4044081.000.000) 2026-03-18 14:37:08 Image size of job updated: 6825752
	6473  -  MemoryUsage of job (MB)
	6628224  -  ResidentSetSize of job (KB)
...
006 (4044081.000.000) 2026-03-18 14:41:30 Image size of job updated: 6825752
	6474  -  MemoryUsage of job (MB)
	6628820  -  ResidentSetSize of job (KB)
...
006 (4044081.000.000) 2026-03-18 14:43:30 Image size of job updated: 6825752
	6477  -  MemoryUsage of job (MB)
	6632356  -  ResidentSetSize of job (KB)
...
006 (4044081.000.000) 2026-03-18 14:45:30 Image size of job updated: 6825752
	6510  -  MemoryUsage of job (MB)
	6665668  -  ResidentSetSize of job (KB)
...
006 (4044081.000.000) 2026-03-18 14:47:31 Image size of job updated: 6825752
	6517  -  MemoryUsage of job (MB)
	6672776  -  ResidentSetSize of job (KB)
...
006 (4044081.000.000) 2026-03-18 14:49:31 Image size of job updated: 6825752
	6517  -  MemoryUsage of job (MB)
	6672948  -  ResidentSetSize of job (KB)
...
006 (4044081.000.000) 2026-03-18 14:51:31 Image size of job updated: 6825752
	6518  -  MemoryUsage of job (MB)
	6673808  -  ResidentSetSize of job (KB)
...
006 (4044081.000.000) 2026-03-18 14:53:31 Image size of job updated: 6825752
	6520  -  MemoryUsage of job (MB)
	6676200  -  ResidentSetSize of job (KB)
...
006 (4044081.000.000) 2026-03-18 14:55:32 Image size of job updated: 6825752
	6521  -  MemoryUsage of job (MB)
	6676804  -  ResidentSetSize of job (KB)
...
006 (4044081.000.000) 2026-03-18 14:57:33 Image size of job updated: 6841192
	6521  -  MemoryUsage of job (MB)
	6676804  -  ResidentSetSize of job (KB)
...
006 (4044081.000.000) 2026-03-18 14:59:34 Image size of job updated: 6841192
	6522  -  MemoryUsage of job (MB)
	6678292  -  ResidentSetSize of job (KB)
...
006 (4044081.000.000) 2026-03-18 15:01:35 Image size of job updated: 6841192
	6522  -  MemoryUsage of job (MB)
	6678300  -  ResidentSetSize of job (KB)
...
006 (4044081.000.000) 2026-03-18 15:03:36 Image size of job updated: 6841192
	6571  -  MemoryUsage of job (MB)
	6728492  -  ResidentSetSize of job (KB)
...
006 (4044081.000.000) 2026-03-18 15:05:37 Image size of job updated: 6841192
	6573  -  MemoryUsage of job (MB)
	6729948  -  ResidentSetSize of job (KB)
...
006 (4044081.000.000) 2026-03-18 15:11:38 Image size of job updated: 6841636
	6573  -  MemoryUsage of job (MB)
	6729948  -  ResidentSetSize of job (KB)
...
006 (4044081.000.000) 2026-03-18 15:37:46 Image size of job updated: 6845728
	6573  -  MemoryUsage of job (MB)
	6729948  -  ResidentSetSize of job (KB)
...
006 (4044081.000.000) 2026-03-18 17:06:16 Image size of job updated: 6845920
	6573  -  MemoryUsage of job (MB)
	6729948  -  ResidentSetSize of job (KB)
...
006 (4044081.000.000) 2026-03-18 18:54:41 Image size of job updated: 6861904
	6573  -  MemoryUsage of job (MB)
	6729948  -  ResidentSetSize of job (KB)
...
006 (4044081.000.000) 2026-03-18 19:28:48 Image size of job updated: 6872948
	6712  -  MemoryUsage of job (MB)
	6872948  -  ResidentSetSize of job (KB)
...
006 (4044081.000.000) 2026-03-18 20:02:52 Image size of job updated: 6976752
	6712  -  MemoryUsage of job (MB)
	6872948  -  ResidentSetSize of job (KB)
...
006 (4044081.000.000) 2026-03-18 20:25:01 Image size of job updated: 7013620
	6712  -  MemoryUsage of job (MB)
	6872948  -  ResidentSetSize of job (KB)
...
006 (4044081.000.000) 2026-03-18 21:13:15 Image size of job updated: 7068164
	6712  -  MemoryUsage of job (MB)
	6872948  -  ResidentSetSize of job (KB)
...
006 (4044081.000.000) 2026-03-18 23:11:09 Image size of job updated: 7068164
	6735  -  MemoryUsage of job (MB)
	6896064  -  ResidentSetSize of job (KB)
...
006 (4044081.000.000) 2026-03-18 23:13:10 Image size of job updated: 7068164
	6736  -  MemoryUsage of job (MB)
	6896720  -  ResidentSetSize of job (KB)
...
006 (4044081.000.000) 2026-03-19 00:03:20 Image size of job updated: 7086084
	6736  -  MemoryUsage of job (MB)
	6896720  -  ResidentSetSize of job (KB)
...
006 (4044081.000.000) 2026-03-19 00:17:23 Image size of job updated: 7086084
	6745  -  MemoryUsage of job (MB)
	6906196  -  ResidentSetSize of job (KB)
...
006 (4044081.000.000) 2026-03-19 00:23:25 Image size of job updated: 7092240
	6745  -  MemoryUsage of job (MB)
	6906404  -  ResidentSetSize of job (KB)
...
006 (4044081.000.000) 2026-03-19 00:25:25 Image size of job updated: 7092240
	6745  -  MemoryUsage of job (MB)
	6906616  -  ResidentSetSize of job (KB)
...
006 (4044081.000.000) 2026-03-19 00:31:27 Image size of job updated: 7092240
	6745  -  MemoryUsage of job (MB)
	6906628  -  ResidentSetSize of job (KB)
...
006 (4044081.000.000) 2026-03-19 00:35:27 Image size of job updated: 7105168
	6745  -  MemoryUsage of job (MB)
	6906628  -  ResidentSetSize of job (KB)
...
006 (4044081.000.000) 2026-03-19 00:41:30 Image size of job updated: 7105168
	6747  -  MemoryUsage of job (MB)
	6908348  -  ResidentSetSize of job (KB)
...
006 (4044081.000.000) 2026-03-19 00:47:33 Image size of job updated: 7105168
	6760  -  MemoryUsage of job (MB)
	6921944  -  ResidentSetSize of job (KB)
...
006 (4044081.000.000) 2026-03-19 00:51:34 Image size of job updated: 7105800
	6760  -  MemoryUsage of job (MB)
	6921944  -  ResidentSetSize of job (KB)
...
006 (4044081.000.000) 2026-03-19 00:55:36 Image size of job updated: 7166496
	6763  -  MemoryUsage of job (MB)
	6924756  -  ResidentSetSize of job (KB)
...
006 (4044081.000.000) 2026-03-19 00:57:36 Image size of job updated: 7166496
	6763  -  MemoryUsage of job (MB)
	6924764  -  ResidentSetSize of job (KB)
...
006 (4044081.000.000) 2026-03-19 01:03:37 Image size of job updated: 7166496
	6764  -  MemoryUsage of job (MB)
	6925692  -  ResidentSetSize of job (KB)
...
006 (4044081.000.000) 2026-03-19 01:11:41 Image size of job updated: 7166496
	6764  -  MemoryUsage of job (MB)
	6926112  -  ResidentSetSize of job (KB)
...
006 (4044081.000.000) 2026-03-19 01:19:43 Image size of job updated: 7166496
	6765  -  MemoryUsage of job (MB)
	6926432  -  ResidentSetSize of job (KB)
...
006 (4044081.000.000) 2026-03-19 01:27:45 Image size of job updated: 7166496
	6765  -  MemoryUsage of job (MB)
	6926644  -  ResidentSetSize of job (KB)
...
040 (4044081.000.000) 2026-03-19 02:10:18 Finished transferring output files
...
005 (4044081.000.000) 2026-03-19 02:10:18 Job terminated.
	(1) Normal termination (return value 0)
		Usr 0 14:47:23, Sys 0 12:47:51  -  Run Remote Usage
		Usr 0 00:00:00, Sys 0 00:00:00  -  Run Local Usage
		Usr 0 14:47:23, Sys 0 12:47:51  -  Total Remote Usage
		Usr 0 00:00:00, Sys 0 00:00:00  -  Total Local Usage
	0  -  Run Bytes Sent By Job
	384  -  Run Bytes Received By Job
	0  -  Total Bytes Sent By Job
	384  -  Total Bytes Received By Job
	Partitionable Resources :    Usage      Request Allocated Assigned
	   Cpus                 :     2.02        40           40 
	   Disk (KB)            :    22    661612624.20 735125138 
	   GPUs                 :     0.71         1            1 "GPU-26b53f56"
	   Memory (MB)          :  6765        87707        87707 
	   TimeExecute (s)      : 48225                           
	   TimeSlotBusy (s)     : 48226                           
...
