000 (4040480.000.000) 2026-03-16 11:14:06 Job submitted from host: <146.179.108.134:9618?addrs=146.179.108.134-9618+[2a0c-5bc0-88-111-216-3eff-fe7f-207]-9618&alias=htcmaster00.hep.ph.ic.ac.uk&noUDP&sock=schedd_1004_3d2c>
...
040 (4040480.000.000) 2026-03-16 11:14:06 Started transferring input files
	Transferring to host: <146.179.108.86:9618?addrs=146.179.108.86-9618+[2a0c-5bc0-88-111-216-3eff-fe7f-1b3]-9618&alias=lxbgpu00.hep.ph.ic.ac.uk&noUDP&sock=slot1_1_1317069_020f_960>
...
040 (4040480.000.000) 2026-03-16 11:14:06 Finished transferring input files
...
001 (4040480.000.000) 2026-03-16 11:14:07 Job executing on host: <146.179.108.86:9618?addrs=146.179.108.86-9618+[2a0c-5bc0-88-111-216-3eff-fe7f-1b3]-9618&alias=lxbgpu00.hep.ph.ic.ac.uk&noUDP&sock=startd_1542_4320>
	SlotName: slot1_1@lxbgpu00.hep.ph.ic.ac.uk
	AvailableGPUs = { GPUs_GPU_5aea0030 }
	CondorScratchDir = "/srv/localstage/condor/dir_1161592"
	Cpus = 16
	Disk = 735125138
	GPUs = 1
	GPUs_GPU_5aea0030 = [ Id = "GPU-5aea0030"; ClockMhz = 1328.5; Capability = 6.0; CoresPerCU = 64; DeviceName = "Tesla P100-PCIE-12GB"; DeviceUuid = "5aea0030-53aa-1ed2-2e96-f777f31e5aa2"; ECCEnabled = true; ComputeUnits = 56; NvidiaDriver = "580.126.20"; DriverVersion = 13.0; DevicePciBusId = "0000:00:03.0"; GlobalMemoryMb = 12187; MaxSupportedVersion = 13000 ]
	Memory = 85790
...
006 (4040480.000.000) 2026-03-16 11:14:16 Image size of job updated: 14272
	14  -  MemoryUsage of job (MB)
	14272  -  ResidentSetSize of job (KB)
...
006 (4040480.000.000) 2026-03-16 11:16:17 Image size of job updated: 2562868
	2503  -  MemoryUsage of job (MB)
	2562868  -  ResidentSetSize of job (KB)
...
006 (4040480.000.000) 2026-03-16 11:18:18 Image size of job updated: 3317532
	3240  -  MemoryUsage of job (MB)
	3317532  -  ResidentSetSize of job (KB)
...
006 (4040480.000.000) 2026-03-16 11:20:19 Image size of job updated: 3405112
	3326  -  MemoryUsage of job (MB)
	3405112  -  ResidentSetSize of job (KB)
...
006 (4040480.000.000) 2026-03-16 11:22:19 Image size of job updated: 3406204
	3326  -  MemoryUsage of job (MB)
	3405112  -  ResidentSetSize of job (KB)
...
006 (4040480.000.000) 2026-03-16 12:39:10 Image size of job updated: 3428212
	3326  -  MemoryUsage of job (MB)
	3405112  -  ResidentSetSize of job (KB)
...
006 (4040480.000.000) 2026-03-16 13:01:13 Image size of job updated: 3435392
	3326  -  MemoryUsage of job (MB)
	3405112  -  ResidentSetSize of job (KB)
...
006 (4040480.000.000) 2026-03-16 13:03:14 Image size of job updated: 3435424
	3326  -  MemoryUsage of job (MB)
	3405112  -  ResidentSetSize of job (KB)
...
006 (4040480.000.000) 2026-03-16 13:05:15 Image size of job updated: 3439528
	3326  -  MemoryUsage of job (MB)
	3405112  -  ResidentSetSize of job (KB)
...
006 (4040480.000.000) 2026-03-16 13:29:20 Image size of job updated: 3443656
	3326  -  MemoryUsage of job (MB)
	3405112  -  ResidentSetSize of job (KB)
...
006 (4040480.000.000) 2026-03-16 13:45:24 Image size of job updated: 3447692
	3326  -  MemoryUsage of job (MB)
	3405112  -  ResidentSetSize of job (KB)
...
006 (4040480.000.000) 2026-03-16 13:59:27 Image size of job updated: 3447860
	3326  -  MemoryUsage of job (MB)
	3405112  -  ResidentSetSize of job (KB)
...
006 (4040480.000.000) 2026-03-16 14:01:28 Image size of job updated: 3447860
	3367  -  MemoryUsage of job (MB)
	3447748  -  ResidentSetSize of job (KB)
...
040 (4040480.000.000) 2026-03-16 14:20:35 Started transferring output files
...
040 (4040480.000.000) 2026-03-16 14:20:35 Finished transferring output files
...
005 (4040480.000.000) 2026-03-16 14:20:35 Job terminated.
	(1) Normal termination (return value 0)
		Usr 0 06:23:02, Sys 0 01:20:24  -  Run Remote Usage
		Usr 0 00:00:00, Sys 0 00:00:00  -  Run Local Usage
		Usr 0 06:23:02, Sys 0 01:20:24  -  Total Remote Usage
		Usr 0 00:00:00, Sys 0 00:00:00  -  Total Local Usage
	458988  -  Run Bytes Sent By Job
	377  -  Run Bytes Received By Job
	458988  -  Total Bytes Sent By Job
	377  -  Total Bytes Received By Job
	Partitionable Resources :    Usage      Request Allocated Assigned
	   Cpus                 :     2.59        16           16 
	   Disk (KB)            :   470    661612624.20 735125138 
	   GPUs                 :     0.78         1            1 "GPU-5aea0030"
	   Memory (MB)          :  3367        85790        85790 
	   TimeExecute (s)      : 11188                           
	   TimeSlotBusy (s)     : 11189                           
...
