000 (4042506.000.000) 2026-03-17 12:11:45 Job submitted from host: <146.179.108.134:9618?addrs=146.179.108.134-9618+[2a0c-5bc0-88-111-216-3eff-fe7f-207]-9618&alias=htcmaster00.hep.ph.ic.ac.uk&noUDP&sock=schedd_1004_3d2c>
...
040 (4042506.000.000) 2026-03-17 12:11:45 Started transferring input files
	Transferring to host: <146.179.108.86:9618?addrs=146.179.108.86-9618+[2a0c-5bc0-88-111-216-3eff-fe7f-1b3]-9618&alias=lxbgpu00.hep.ph.ic.ac.uk&noUDP&sock=slot1_1_1317069_020f_1283>
...
040 (4042506.000.000) 2026-03-17 12:11:45 Finished transferring input files
...
001 (4042506.000.000) 2026-03-17 12:11:46 Job executing on host: <146.179.108.86:9618?addrs=146.179.108.86-9618+[2a0c-5bc0-88-111-216-3eff-fe7f-1b3]-9618&alias=lxbgpu00.hep.ph.ic.ac.uk&noUDP&sock=startd_1542_4320>
	SlotName: slot1_1@lxbgpu00.hep.ph.ic.ac.uk
	AvailableGPUs = { GPUs_GPU_5aea0030 }
	CondorScratchDir = "/srv/localstage/condor/dir_1183973"
	Cpus = 16
	Disk = 735125138
	GPUs = 1
	GPUs_GPU_5aea0030 = [ Id = "GPU-5aea0030"; ClockMhz = 1328.5; Capability = 6.0; CoresPerCU = 64; DeviceName = "Tesla P100-PCIE-12GB"; DeviceUuid = "5aea0030-53aa-1ed2-2e96-f777f31e5aa2"; ECCEnabled = true; ComputeUnits = 56; NvidiaDriver = "580.126.20"; DriverVersion = 13.0; DevicePciBusId = "0000:00:03.0"; GlobalMemoryMb = 12187; MaxSupportedVersion = 13000 ]
	Memory = 85790
...
006 (4042506.000.000) 2026-03-17 12:11:54 Image size of job updated: 9412
	10  -  MemoryUsage of job (MB)
	9412  -  ResidentSetSize of job (KB)
...
006 (4042506.000.000) 2026-03-17 12:13:54 Image size of job updated: 149908
	147  -  MemoryUsage of job (MB)
	149908  -  ResidentSetSize of job (KB)
...
006 (4042506.000.000) 2026-03-17 12:15:55 Image size of job updated: 3154396
	3080  -  MemoryUsage of job (MB)
	3153476  -  ResidentSetSize of job (KB)
...
006 (4042506.000.000) 2026-03-17 12:17:56 Image size of job updated: 3454180
	3374  -  MemoryUsage of job (MB)
	3454180  -  ResidentSetSize of job (KB)
...
006 (4042506.000.000) 2026-03-17 12:19:57 Image size of job updated: 3486524
	3405  -  MemoryUsage of job (MB)
	3486524  -  ResidentSetSize of job (KB)
...
006 (4042506.000.000) 2026-03-17 12:21:58 Image size of job updated: 3490632
	3409  -  MemoryUsage of job (MB)
	3490632  -  ResidentSetSize of job (KB)
...
006 (4042506.000.000) 2026-03-17 12:23:59 Image size of job updated: 3491288
	3410  -  MemoryUsage of job (MB)
	3491288  -  ResidentSetSize of job (KB)
...
006 (4042506.000.000) 2026-03-17 12:25:59 Image size of job updated: 3495012
	3414  -  MemoryUsage of job (MB)
	3495012  -  ResidentSetSize of job (KB)
...
006 (4042506.000.000) 2026-03-17 12:27:59 Image size of job updated: 3531956
	3450  -  MemoryUsage of job (MB)
	3531956  -  ResidentSetSize of job (KB)
...
006 (4042506.000.000) 2026-03-17 12:29:59 Image size of job updated: 3627024
	3543  -  MemoryUsage of job (MB)
	3627024  -  ResidentSetSize of job (KB)
...
006 (4042506.000.000) 2026-03-17 12:32:00 Image size of job updated: 3781008
	3693  -  MemoryUsage of job (MB)
	3781008  -  ResidentSetSize of job (KB)
...
006 (4042506.000.000) 2026-03-17 12:34:01 Image size of job updated: 3814132
	3693  -  MemoryUsage of job (MB)
	3781008  -  ResidentSetSize of job (KB)
...
006 (4042506.000.000) 2026-03-17 12:36:02 Image size of job updated: 3884088
	3793  -  MemoryUsage of job (MB)
	3883976  -  ResidentSetSize of job (KB)
...
006 (4042506.000.000) 2026-03-17 12:38:03 Image size of job updated: 4111396
	4016  -  MemoryUsage of job (MB)
	4111396  -  ResidentSetSize of job (KB)
...
006 (4042506.000.000) 2026-03-17 12:40:03 Image size of job updated: 4127448
	4031  -  MemoryUsage of job (MB)
	4127336  -  ResidentSetSize of job (KB)
...
006 (4042506.000.000) 2026-03-17 12:42:03 Image size of job updated: 4252152
	4153  -  MemoryUsage of job (MB)
	4252152  -  ResidentSetSize of job (KB)
...
006 (4042506.000.000) 2026-03-17 12:44:03 Image size of job updated: 4252392
	4153  -  MemoryUsage of job (MB)
	4252392  -  ResidentSetSize of job (KB)
...
006 (4042506.000.000) 2026-03-17 12:46:04 Image size of job updated: 4275584
	4176  -  MemoryUsage of job (MB)
	4275584  -  ResidentSetSize of job (KB)
...
006 (4042506.000.000) 2026-03-17 12:48:04 Image size of job updated: 4532828
	4427  -  MemoryUsage of job (MB)
	4532828  -  ResidentSetSize of job (KB)
...
006 (4042506.000.000) 2026-03-17 12:50:04 Image size of job updated: 4642636
	4534  -  MemoryUsage of job (MB)
	4642636  -  ResidentSetSize of job (KB)
...
006 (4042506.000.000) 2026-03-17 12:52:05 Image size of job updated: 4802848
	4691  -  MemoryUsage of job (MB)
	4802848  -  ResidentSetSize of job (KB)
...
006 (4042506.000.000) 2026-03-17 12:54:06 Image size of job updated: 5212156
	4912  -  MemoryUsage of job (MB)
	5029224  -  ResidentSetSize of job (KB)
...
006 (4042506.000.000) 2026-03-17 12:56:07 Image size of job updated: 5212156
	4988  -  MemoryUsage of job (MB)
	5107004  -  ResidentSetSize of job (KB)
...
006 (4042506.000.000) 2026-03-17 12:58:07 Image size of job updated: 5289152
	5072  -  MemoryUsage of job (MB)
	5193484  -  ResidentSetSize of job (KB)
...
006 (4042506.000.000) 2026-03-17 13:00:08 Image size of job updated: 5289152
	5073  -  MemoryUsage of job (MB)
	5194308  -  ResidentSetSize of job (KB)
...
006 (4042506.000.000) 2026-03-17 13:02:09 Image size of job updated: 5289152
	5074  -  MemoryUsage of job (MB)
	5194896  -  ResidentSetSize of job (KB)
...
006 (4042506.000.000) 2026-03-17 13:04:09 Image size of job updated: 5289152
	5074  -  MemoryUsage of job (MB)
	5195036  -  ResidentSetSize of job (KB)
...
006 (4042506.000.000) 2026-03-17 13:08:09 Image size of job updated: 5289152
	5074  -  MemoryUsage of job (MB)
	5195180  -  ResidentSetSize of job (KB)
...
006 (4042506.000.000) 2026-03-17 13:16:12 Image size of job updated: 5289152
	5074  -  MemoryUsage of job (MB)
	5195408  -  ResidentSetSize of job (KB)
...
006 (4042506.000.000) 2026-03-17 13:28:14 Image size of job updated: 5289152
	5077  -  MemoryUsage of job (MB)
	5197940  -  ResidentSetSize of job (KB)
...
006 (4042506.000.000) 2026-03-17 13:30:14 Image size of job updated: 5289152
	5077  -  MemoryUsage of job (MB)
	5197956  -  ResidentSetSize of job (KB)
...
006 (4042506.000.000) 2026-03-17 13:32:14 Image size of job updated: 5289152
	5077  -  MemoryUsage of job (MB)
	5197964  -  ResidentSetSize of job (KB)
...
006 (4042506.000.000) 2026-03-17 13:34:15 Image size of job updated: 5289152
	5077  -  MemoryUsage of job (MB)
	5198204  -  ResidentSetSize of job (KB)
...
006 (4042506.000.000) 2026-03-17 13:48:19 Image size of job updated: 5289152
	5077  -  MemoryUsage of job (MB)
	5198348  -  ResidentSetSize of job (KB)
...
006 (4042506.000.000) 2026-03-17 13:50:20 Image size of job updated: 5289152
	5078  -  MemoryUsage of job (MB)
	5198992  -  ResidentSetSize of job (KB)
...
006 (4042506.000.000) 2026-03-17 13:54:21 Image size of job updated: 5289152
	5078  -  MemoryUsage of job (MB)
	5199248  -  ResidentSetSize of job (KB)
...
006 (4042506.000.000) 2026-03-17 13:56:21 Image size of job updated: 5289152
	5079  -  MemoryUsage of job (MB)
	5199972  -  ResidentSetSize of job (KB)
...
006 (4042506.000.000) 2026-03-17 14:00:21 Image size of job updated: 5289152
	5079  -  MemoryUsage of job (MB)
	5200324  -  ResidentSetSize of job (KB)
...
006 (4042506.000.000) 2026-03-17 14:12:23 Image size of job updated: 5289152
	5079  -  MemoryUsage of job (MB)
	5200352  -  ResidentSetSize of job (KB)
...
006 (4042506.000.000) 2026-03-17 14:14:24 Image size of job updated: 5289152
	5080  -  MemoryUsage of job (MB)
	5200912  -  ResidentSetSize of job (KB)
...
006 (4042506.000.000) 2026-03-17 14:16:25 Image size of job updated: 5289152
	5080  -  MemoryUsage of job (MB)
	5201264  -  ResidentSetSize of job (KB)
...
006 (4042506.000.000) 2026-03-17 14:18:25 Image size of job updated: 5289152
	5082  -  MemoryUsage of job (MB)
	5203004  -  ResidentSetSize of job (KB)
...
006 (4042506.000.000) 2026-03-17 14:20:25 Image size of job updated: 5289152
	5082  -  MemoryUsage of job (MB)
	5203664  -  ResidentSetSize of job (KB)
...
006 (4042506.000.000) 2026-03-17 14:22:26 Image size of job updated: 5289152
	5083  -  MemoryUsage of job (MB)
	5204140  -  ResidentSetSize of job (KB)
...
006 (4042506.000.000) 2026-03-17 14:24:26 Image size of job updated: 5289152
	5083  -  MemoryUsage of job (MB)
	5204184  -  ResidentSetSize of job (KB)
...
006 (4042506.000.000) 2026-03-17 14:28:26 Image size of job updated: 5289152
	5083  -  MemoryUsage of job (MB)
	5204220  -  ResidentSetSize of job (KB)
...
006 (4042506.000.000) 2026-03-17 14:30:27 Image size of job updated: 5289152
	5083  -  MemoryUsage of job (MB)
	5204232  -  ResidentSetSize of job (KB)
...
006 (4042506.000.000) 2026-03-17 14:34:29 Image size of job updated: 5289152
	5083  -  MemoryUsage of job (MB)
	5204348  -  ResidentSetSize of job (KB)
...
006 (4042506.000.000) 2026-03-17 15:00:33 Image size of job updated: 5289152
	5083  -  MemoryUsage of job (MB)
	5204428  -  ResidentSetSize of job (KB)
...
006 (4042506.000.000) 2026-03-17 15:06:35 Image size of job updated: 5289152
	5085  -  MemoryUsage of job (MB)
	5206260  -  ResidentSetSize of job (KB)
...
006 (4042506.000.000) 2026-03-17 15:08:36 Image size of job updated: 5289152
	5085  -  MemoryUsage of job (MB)
	5206560  -  ResidentSetSize of job (KB)
...
006 (4042506.000.000) 2026-03-17 15:12:38 Image size of job updated: 5289152
	5085  -  MemoryUsage of job (MB)
	5206580  -  ResidentSetSize of job (KB)
...
006 (4042506.000.000) 2026-03-17 15:18:39 Image size of job updated: 5289152
	5085  -  MemoryUsage of job (MB)
	5206740  -  ResidentSetSize of job (KB)
...
006 (4042506.000.000) 2026-03-17 15:22:39 Image size of job updated: 5289152
	5091  -  MemoryUsage of job (MB)
	5212812  -  ResidentSetSize of job (KB)
...
006 (4042506.000.000) 2026-03-17 15:24:40 Image size of job updated: 5289152
	5091  -  MemoryUsage of job (MB)
	5213056  -  ResidentSetSize of job (KB)
...
006 (4042506.000.000) 2026-03-17 15:26:41 Image size of job updated: 5289152
	5091  -  MemoryUsage of job (MB)
	5213060  -  ResidentSetSize of job (KB)
...
006 (4042506.000.000) 2026-03-17 15:32:43 Image size of job updated: 5289152
	5092  -  MemoryUsage of job (MB)
	5213244  -  ResidentSetSize of job (KB)
...
006 (4042506.000.000) 2026-03-17 15:38:45 Image size of job updated: 5289152
	5092  -  MemoryUsage of job (MB)
	5213456  -  ResidentSetSize of job (KB)
...
006 (4042506.000.000) 2026-03-17 15:42:45 Image size of job updated: 5289152
	5092  -  MemoryUsage of job (MB)
	5213496  -  ResidentSetSize of job (KB)
...
006 (4042506.000.000) 2026-03-17 16:04:52 Image size of job updated: 5289152
	5092  -  MemoryUsage of job (MB)
	5213700  -  ResidentSetSize of job (KB)
...
006 (4042506.000.000) 2026-03-17 16:18:56 Image size of job updated: 5289152
	5093  -  MemoryUsage of job (MB)
	5214248  -  ResidentSetSize of job (KB)
...
006 (4042506.000.000) 2026-03-17 16:24:59 Image size of job updated: 5289152
	5093  -  MemoryUsage of job (MB)
	5214432  -  ResidentSetSize of job (KB)
...
006 (4042506.000.000) 2026-03-17 16:37:02 Image size of job updated: 5289152
	5141  -  MemoryUsage of job (MB)
	5263836  -  ResidentSetSize of job (KB)
...
006 (4042506.000.000) 2026-03-17 16:39:03 Image size of job updated: 5289152
	5141  -  MemoryUsage of job (MB)
	5264284  -  ResidentSetSize of job (KB)
...
006 (4042506.000.000) 2026-03-17 16:43:05 Image size of job updated: 5314984
	5191  -  MemoryUsage of job (MB)
	5314824  -  ResidentSetSize of job (KB)
...
006 (4042506.000.000) 2026-03-17 16:45:05 Image size of job updated: 5314984
	5191  -  MemoryUsage of job (MB)
	5314956  -  ResidentSetSize of job (KB)
...
006 (4042506.000.000) 2026-03-17 16:49:05 Image size of job updated: 5315016
	5191  -  MemoryUsage of job (MB)
	5314956  -  ResidentSetSize of job (KB)
...
006 (4042506.000.000) 2026-03-17 16:51:06 Image size of job updated: 5315032
	5191  -  MemoryUsage of job (MB)
	5315032  -  ResidentSetSize of job (KB)
...
006 (4042506.000.000) 2026-03-17 16:53:07 Image size of job updated: 5315700
	5192  -  MemoryUsage of job (MB)
	5315700  -  ResidentSetSize of job (KB)
...
006 (4042506.000.000) 2026-03-17 16:55:08 Image size of job updated: 5315940
	5192  -  MemoryUsage of job (MB)
	5315700  -  ResidentSetSize of job (KB)
...
006 (4042506.000.000) 2026-03-17 16:57:09 Image size of job updated: 5316168
	5192  -  MemoryUsage of job (MB)
	5315700  -  ResidentSetSize of job (KB)
...
006 (4042506.000.000) 2026-03-17 16:59:09 Image size of job updated: 5316200
	5192  -  MemoryUsage of job (MB)
	5315864  -  ResidentSetSize of job (KB)
...
006 (4042506.000.000) 2026-03-17 17:01:09 Image size of job updated: 5316488
	5192  -  MemoryUsage of job (MB)
	5316488  -  ResidentSetSize of job (KB)
...
006 (4042506.000.000) 2026-03-17 17:03:09 Image size of job updated: 5316600
	5192  -  MemoryUsage of job (MB)
	5316488  -  ResidentSetSize of job (KB)
...
006 (4042506.000.000) 2026-03-17 17:05:10 Image size of job updated: 5316612
	5193  -  MemoryUsage of job (MB)
	5316612  -  ResidentSetSize of job (KB)
...
006 (4042506.000.000) 2026-03-17 17:09:12 Image size of job updated: 5316732
	5193  -  MemoryUsage of job (MB)
	5316612  -  ResidentSetSize of job (KB)
...
006 (4042506.000.000) 2026-03-17 17:13:12 Image size of job updated: 5316744
	5193  -  MemoryUsage of job (MB)
	5316612  -  ResidentSetSize of job (KB)
...
006 (4042506.000.000) 2026-03-17 17:21:15 Image size of job updated: 5316816
	5193  -  MemoryUsage of job (MB)
	5316612  -  ResidentSetSize of job (KB)
...
006 (4042506.000.000) 2026-03-17 17:23:16 Image size of job updated: 5316816
	5193  -  MemoryUsage of job (MB)
	5316736  -  ResidentSetSize of job (KB)
...
006 (4042506.000.000) 2026-03-17 17:27:16 Image size of job updated: 5316880
	5193  -  MemoryUsage of job (MB)
	5316736  -  ResidentSetSize of job (KB)
...
006 (4042506.000.000) 2026-03-17 17:31:17 Image size of job updated: 5316880
	5193  -  MemoryUsage of job (MB)
	5316792  -  ResidentSetSize of job (KB)
...
006 (4042506.000.000) 2026-03-17 17:37:20 Image size of job updated: 5316880
	5193  -  MemoryUsage of job (MB)
	5316840  -  ResidentSetSize of job (KB)
...
006 (4042506.000.000) 2026-03-17 17:39:20 Image size of job updated: 5324908
	5200  -  MemoryUsage of job (MB)
	5324796  -  ResidentSetSize of job (KB)
...
006 (4042506.000.000) 2026-03-17 17:41:20 Image size of job updated: 5325136
	5201  -  MemoryUsage of job (MB)
	5325136  -  ResidentSetSize of job (KB)
...
006 (4042506.000.000) 2026-03-17 17:45:21 Image size of job updated: 5325140
	5201  -  MemoryUsage of job (MB)
	5325136  -  ResidentSetSize of job (KB)
...
006 (4042506.000.000) 2026-03-17 17:49:23 Image size of job updated: 5325448
	5201  -  MemoryUsage of job (MB)
	5325336  -  ResidentSetSize of job (KB)
...
006 (4042506.000.000) 2026-03-17 17:51:24 Image size of job updated: 5326020
	5202  -  MemoryUsage of job (MB)
	5326020  -  ResidentSetSize of job (KB)
...
006 (4042506.000.000) 2026-03-17 17:55:24 Image size of job updated: 5326028
	5202  -  MemoryUsage of job (MB)
	5326020  -  ResidentSetSize of job (KB)
...
006 (4042506.000.000) 2026-03-17 18:07:28 Image size of job updated: 5326032
	5202  -  MemoryUsage of job (MB)
	5326020  -  ResidentSetSize of job (KB)
...
006 (4042506.000.000) 2026-03-17 18:11:28 Image size of job updated: 5326092
	5202  -  MemoryUsage of job (MB)
	5326020  -  ResidentSetSize of job (KB)
...
006 (4042506.000.000) 2026-03-17 18:23:32 Image size of job updated: 5326092
	5202  -  MemoryUsage of job (MB)
	5326024  -  ResidentSetSize of job (KB)
...
006 (4042506.000.000) 2026-03-17 18:27:32 Image size of job updated: 5379736
	5254  -  MemoryUsage of job (MB)
	5379224  -  ResidentSetSize of job (KB)
...
006 (4042506.000.000) 2026-03-17 18:29:33 Image size of job updated: 5379736
	5254  -  MemoryUsage of job (MB)
	5379448  -  ResidentSetSize of job (KB)
...
006 (4042506.000.000) 2026-03-17 18:31:34 Image size of job updated: 5379736
	5254  -  MemoryUsage of job (MB)
	5379456  -  ResidentSetSize of job (KB)
...
006 (4042506.000.000) 2026-03-17 18:33:35 Image size of job updated: 5379736
	5254  -  MemoryUsage of job (MB)
	5379472  -  ResidentSetSize of job (KB)
...
006 (4042506.000.000) 2026-03-17 18:35:36 Image size of job updated: 5379736
	5254  -  MemoryUsage of job (MB)
	5379500  -  ResidentSetSize of job (KB)
...
006 (4042506.000.000) 2026-03-17 18:39:36 Image size of job updated: 5379896
	5254  -  MemoryUsage of job (MB)
	5379672  -  ResidentSetSize of job (KB)
...
006 (4042506.000.000) 2026-03-17 18:43:37 Image size of job updated: 5379924
	5254  -  MemoryUsage of job (MB)
	5379672  -  ResidentSetSize of job (KB)
...
006 (4042506.000.000) 2026-03-17 18:45:38 Image size of job updated: 5379952
	5254  -  MemoryUsage of job (MB)
	5379952  -  ResidentSetSize of job (KB)
...
006 (4042506.000.000) 2026-03-17 18:55:40 Image size of job updated: 5379960
	5254  -  MemoryUsage of job (MB)
	5379952  -  ResidentSetSize of job (KB)
...
006 (4042506.000.000) 2026-03-17 19:09:43 Image size of job updated: 5379968
	5254  -  MemoryUsage of job (MB)
	5379952  -  ResidentSetSize of job (KB)
...
040 (4042506.000.000) 2026-03-17 19:28:38 Started transferring output files
...
040 (4042506.000.000) 2026-03-17 19:28:38 Finished transferring output files
...
005 (4042506.000.000) 2026-03-17 19:28:38 Job terminated.
	(1) Normal termination (return value 0)
		Usr 0 14:51:02, Sys 0 03:22:46  -  Run Remote Usage
		Usr 0 00:00:00, Sys 0 00:00:00  -  Run Local Usage
		Usr 0 14:51:02, Sys 0 03:22:46  -  Total Remote Usage
		Usr 0 00:00:00, Sys 0 00:00:00  -  Total Local Usage
	457955  -  Run Bytes Sent By Job
	391  -  Run Bytes Received By Job
	457955  -  Total Bytes Sent By Job
	391  -  Total Bytes Received By Job
	Partitionable Resources :    Usage      Request Allocated Assigned
	   Cpus                 :     2.31        16           16 
	   Disk (KB)            :   469    661612624.20 735125138 
	   GPUs                 :     0.79         1            1 "GPU-5aea0030"
	   Memory (MB)          :  5254        85790        85790 
	   TimeExecute (s)      : 26212                           
	   TimeSlotBusy (s)     : 26213                           
...
