Beginning job
Ready to run hyperparameter optimization
Wed Mar 18 12:15:12 2026       
+-----------------------------------------------------------------------------------------+
| NVIDIA-SMI 595.45.04              Driver Version: 595.45.04      CUDA Version: 13.2     |
+-----------------------------------------+------------------------+----------------------+
| GPU  Name                 Persistence-M | Bus-Id          Disp.A | Volatile Uncorr. ECC |
| Fan  Temp   Perf          Pwr:Usage/Cap |           Memory-Usage | GPU-Util  Compute M. |
|                                         |                        |               MIG M. |
|=========================================+========================+======================|
|   0  NVIDIA RTX A6000               Off |   00000000:83:00.0 Off |                    0 |
| 30%   34C    P2             70W /  300W |       1MiB /  46068MiB |      0%      Default |
|                                         |                        |                  N/A |
+-----------------------------------------+------------------------+----------------------+

+-----------------------------------------------------------------------------------------+
| Processes:                                                                              |
|  GPU   GI   CI              PID   Type   Process name                        GPU Memory |
|        ID   ID                                                               Usage      |
|=========================================================================================|
|  No running processes found                                                             |
+-----------------------------------------------------------------------------------------+
Loading config and datasets
Storing datasets on GPU
Optimizing hyperparameters for XGBoost model with 750 trials

================================================================================
[Trial 0003] value=2.083648 best=2.083648 vetoed=False
+--------------+------------+------------+
| metric       |       EVEN |        ODD |
+--------------+------------+------------+
| ams          |     3.5972 |     3.6625 |
| ams_ggH      |    15.4458 |    15.4698 |
| ams_qqH      |     4.4595 |     4.3732 |
+--------------+------------+------------+
================================================================================


================================================================================
[Trial 0000] value=2.089496 best=2.089496 vetoed=False
+--------------+------------+------------+
| metric       |       EVEN |        ODD |
+--------------+------------+------------+
| ams          |     3.5968 |     3.8651 |
| ams_ggH      |    15.4844 |    15.5671 |
| ams_qqH      |     4.4415 |     4.3525 |
+--------------+------------+------------+
================================================================================


================================================================================
[Trial 0005] value=2.087227 best=2.089496 vetoed=False
+--------------+------------+------------+
| metric       |       EVEN |        ODD |
+--------------+------------+------------+
| ams          |     2.9811 |     3.1170 |
| ams_ggH      |    17.3735 |    17.4644 |
| ams_qqH      |     4.5771 |     4.4802 |
+--------------+------------+------------+
================================================================================


================================================================================
[Trial 0002] value=2.065833 best=2.089496 vetoed=False
+--------------+------------+------------+
| metric       |       EVEN |        ODD |
+--------------+------------+------------+
| ams          |     3.3597 |     3.4724 |
| ams_ggH      |    15.5567 |    15.5860 |
| ams_qqH      |     4.4262 |     4.3498 |
+--------------+------------+------------+
================================================================================


================================================================================
[Trial 0004] value=1.863296 best=2.089496 vetoed=False
+--------------+------------+------------+
| metric       |       EVEN |        ODD |
+--------------+------------+------------+
| ams          |     2.3978 |     2.4266 |
| ams_ggH      |    17.4393 |    17.5688 |
| ams_qqH      |     4.4979 |     4.4162 |
+--------------+------------+------------+
================================================================================

